app/build/intermediates/manifest_merge_blame_file/debug/manifest-merger-blame-debug-report.txt
1<?xml version="1.0" encoding="utf-8"?>
2<manifest xmlns:android="http://schemas.android.com/apk/res/android"
3    package="com.open.soft.openappsoft"
4    android:versionCode="54"
5    android:versionName="1.7.7" >
6
7    <uses-sdk
8        android:minSdkVersion="21"
8-->src\main\AndroidManifest.xml
9        android:targetSdkVersion="31" />
9-->src\main\AndroidManifest.xml
10    <!-- 用于进行网络定位 -->
11    <uses-permission android:name="android.permission.BLUETOOTH" />
11-->src\main\AndroidManifest.xml:9:5-68
11-->src\main\AndroidManifest.xml:9:22-65
12    <uses-permission android:name="android.permission.BLUETOOTH_ADMIN" />
12-->src\main\AndroidManifest.xml:10:5-74
12-->src\main\AndroidManifest.xml:10:22-71
13    <uses-permission android:name="android.permission.READ_CONTACTS" />
13-->src\main\AndroidManifest.xml:11:5-72
13-->src\main\AndroidManifest.xml:11:22-69
14    <uses-permission android:name="android.permission.WRITE_CONTACTS" />
14-->src\main\AndroidManifest.xml:12:5-73
14-->src\main\AndroidManifest.xml:12:22-70
15    <uses-permission android:name="android.permission.RECEIVE_BOOT_COMPLETED" />
15-->src\main\AndroidManifest.xml:13:5-81
15-->src\main\AndroidManifest.xml:13:22-78
16    <uses-permission android:name="android.permission.SEND_SMS" />
16-->src\main\AndroidManifest.xml:14:5-67
16-->src\main\AndroidManifest.xml:14:22-64
17    <uses-permission android:name="android.permission.RECEIVE_SMS" />
17-->src\main\AndroidManifest.xml:15:5-70
17-->src\main\AndroidManifest.xml:15:22-67
18    <uses-permission android:name="android.permission.ACCESS_LOCATION_EXTRA_COMMANDS" /> <!-- 这个权限用于进行网络定位 -->
18-->src\main\AndroidManifest.xml:16:5-89
18-->src\main\AndroidManifest.xml:16:22-86
19    <uses-permission android:name="android.permission.ACCESS_COARSE_LOCATION" /> <!-- 这个权限用于访问GPS定位 -->
19-->src\main\AndroidManifest.xml:17:5-81
19-->src\main\AndroidManifest.xml:17:22-78
20    <uses-permission android:name="android.permission.ACCESS_FINE_LOCATION" /> <!-- 用于访问wifi网络信息，wifi信息会用于进行网络定位 -->
20-->src\main\AndroidManifest.xml:18:5-79
20-->src\main\AndroidManifest.xml:18:22-76
21    <uses-permission android:name="android.permission.ACCESS_WIFI_STATE" /> <!-- 获取运营商信息，用于支持提供运营商信息相关的接口 -->
21-->src\main\AndroidManifest.xml:19:5-76
21-->src\main\AndroidManifest.xml:19:22-73
22    <uses-permission android:name="android.permission.ACCESS_NETWORK_STATE" /> <!-- 这个权限用于获取wifi的获取权限，wifi信息会用来进行网络定位 -->
22-->src\main\AndroidManifest.xml:20:5-79
22-->src\main\AndroidManifest.xml:20:22-76
23    <uses-permission android:name="android.permission.CHANGE_WIFI_STATE" /> <!-- 写入扩展存储，向扩展卡写入数据，用于写入离线定位数据 -->
23-->src\main\AndroidManifest.xml:21:5-76
23-->src\main\AndroidManifest.xml:21:22-73
24    <uses-permission android:name="android.permission.WRITE_EXTERNAL_STORAGE" /> <!-- 访问网络，网络定位需要上网 -->
24-->src\main\AndroidManifest.xml:22:5-81
24-->src\main\AndroidManifest.xml:22:22-78
25    <uses-permission android:name="android.permission.INTERNET" /> <!-- 允许访问振动设备 -->
25-->src\main\AndroidManifest.xml:23:5-67
25-->src\main\AndroidManifest.xml:23:22-64
26    <uses-permission android:name="android.permission.VIBRATE" /> <!-- 允许使用PowerManager的 WakeLocks保持进程在休眠时从屏幕消失 -->
26-->src\main\AndroidManifest.xml:24:5-66
26-->src\main\AndroidManifest.xml:24:22-63
27    <uses-permission android:name="android.permission.WAKE_LOCK" /> <!-- android 9.0上使用前台服务，需要添加权限 -->
27-->src\main\AndroidManifest.xml:25:5-68
27-->src\main\AndroidManifest.xml:25:22-65
28    <uses-permission android:name="android.permission.FOREGROUND_SERVICE" /> <!-- 用于读取手机当前的状态 -->
28-->src\main\AndroidManifest.xml:26:5-77
28-->src\main\AndroidManifest.xml:26:22-74
29    <uses-permission android:name="android.permission.READ_PHONE_STATE" /> <!-- 读取缓存数据 -->
29-->src\main\AndroidManifest.xml:27:5-75
29-->src\main\AndroidManifest.xml:27:22-72
30    <uses-permission android:name="android.permission.READ_EXTERNAL_STORAGE" />
30-->src\main\AndroidManifest.xml:28:5-80
30-->src\main\AndroidManifest.xml:28:22-77
31    <uses-permission android:name="android.permission.ACCESS_WIFI_STATE" />
31-->src\main\AndroidManifest.xml:19:5-76
31-->src\main\AndroidManifest.xml:19:22-73
32
33    <application
33-->src\main\AndroidManifest.xml:31:5-228:19
34        android:name="com.open.soft.openappsoft.App"
34-->src\main\AndroidManifest.xml:32:9-53
35        android:appComponentFactory="androidx.core.app.CoreComponentFactory"
35-->[androidx.core:core:1.7.0] AndroidManifest.xml:24:18-86
36        android:dataExtractionRules="@xml/data_extraction_rules"
36-->[com.github.1079374315.GSLS_Tool:gt:v1.4.6.8] AndroidManifest.xml:12:9-65
37        android:debuggable="true"
38        android:label="@string/app_name"
38-->src\main\AndroidManifest.xml:33:9-41
39        android:networkSecurityConfig="@xml/network_security_config"
39-->[com.github.1079374315.GSLS_Tool:gt:v1.4.6.8] AndroidManifest.xml:13:9-69
40        android:testOnly="true"
41        android:theme="@style/AppTheme" >
41-->src\main\AndroidManifest.xml:34:9-40
42        <activity android:name="com.open.soft.openappsoft.jinbiao.activity.TSCheckActivity" />
42-->src\main\AndroidManifest.xml:36:9-70
42-->src\main\AndroidManifest.xml:36:19-67
43        <activity android:name="com.open.soft.openappsoft.activity.AddCompanySearchActivity" />
43-->src\main\AndroidManifest.xml:37:9-70
43-->src\main\AndroidManifest.xml:37:19-68
44        <activity android:name="com.open.soft.openappsoft.activity.ErrorActivity" />
44-->src\main\AndroidManifest.xml:38:9-59
44-->src\main\AndroidManifest.xml:38:19-57
45        <activity android:name="com.open.soft.openappsoft.jinbiao.activity.CheckActivityByMen" /> <!-- 高德定位 -->
45-->src\main\AndroidManifest.xml:39:9-73
45-->src\main\AndroidManifest.xml:39:19-70
46        <meta-data
46-->src\main\AndroidManifest.xml:40:9-42:64
47            android:name="com.amap.api.v2.apikey"
47-->src\main\AndroidManifest.xml:41:13-50
48            android:value="0d23ded08bb7524eb0ead1298c014c4a" />
48-->src\main\AndroidManifest.xml:42:13-61
49
50        <service android:name="com.amap.api.location.APSService" />
50-->src\main\AndroidManifest.xml:44:9-68
50-->src\main\AndroidManifest.xml:44:18-65
51
52        <activity android:name="com.open.soft.openappsoft.multifuction.activity.InputMessageDialog" />
52-->src\main\AndroidManifest.xml:46:9-103
52-->src\main\AndroidManifest.xml:46:19-100
53        <activity android:name="com.open.soft.openappsoft.jinbiao.activity.LocationActivity" />
53-->src\main\AndroidManifest.xml:47:9-71
53-->src\main\AndroidManifest.xml:47:19-68
54        <activity android:name="com.open.soft.openappsoft.multifuction.activity.TitrationTestActivity" />
54-->src\main\AndroidManifest.xml:48:9-106
54-->src\main\AndroidManifest.xml:48:19-103
55        <activity android:name="com.open.soft.openappsoft.sql.activity.SQL2_Activity" />
55-->src\main\AndroidManifest.xml:49:9-89
55-->src\main\AndroidManifest.xml:49:19-86
56        <activity android:name="com.open.soft.openappsoft.sql.activity.SQL_Activity" /> <!-- 数据共享 -->
56-->src\main\AndroidManifest.xml:50:9-88
56-->src\main\AndroidManifest.xml:50:19-85
57        <activity android:name="com.open.soft.openappsoft.activity.SearchActivity" />
57-->src\main\AndroidManifest.xml:51:9-60
57-->src\main\AndroidManifest.xml:51:19-58
58
59        <provider
59-->src\main\AndroidManifest.xml:52:9-60:20
60            android:name="androidx.core.content.FileProvider"
60-->src\main\AndroidManifest.xml:53:13-62
61            android:authorities="com.open.soft.openappsoft.fileprovider"
61-->src\main\AndroidManifest.xml:54:13-73
62            android:exported="false"
62-->src\main\AndroidManifest.xml:55:13-37
63            android:grantUriPermissions="true" >
63-->src\main\AndroidManifest.xml:56:13-47
64            <meta-data
64-->src\main\AndroidManifest.xml:57:13-59:54
65                android:name="android.support.FILE_PROVIDER_PATHS"
65-->src\main\AndroidManifest.xml:58:17-67
66                android:resource="@xml/file_paths" />
66-->src\main\AndroidManifest.xml:59:17-51
67        </provider>
68
69        <meta-data
69-->src\main\AndroidManifest.xml:62:9-64:64
70            android:name="com.baidu.lbsapi.API_KEY"
70-->src\main\AndroidManifest.xml:63:13-52
71            android:value="xmp9cQ7Vgax8h1AETDGsvUQsL3OaGRO9" />
71-->src\main\AndroidManifest.xml:64:13-61
72
73        <service
73-->src\main\AndroidManifest.xml:66:9-69:41
74            android:name="com.baidu.location.f"
74-->src\main\AndroidManifest.xml:67:13-48
75            android:enabled="true"
75-->src\main\AndroidManifest.xml:68:13-35
76            android:process=":remote" />
76-->src\main\AndroidManifest.xml:69:13-38
77
78        <activity
78-->src\main\AndroidManifest.xml:71:9-80:20
79            android:name="com.open.soft.openappsoft.activity.LoginActivity"
79-->src\main\AndroidManifest.xml:72:13-76
80            android:label="@string/app_name"
80-->src\main\AndroidManifest.xml:73:13-45
81            android:screenOrientation="landscape" >
81-->src\main\AndroidManifest.xml:74:13-50
82            <intent-filter>
82-->src\main\AndroidManifest.xml:75:13-79:29
83                <action android:name="android.intent.action.MAIN" />
83-->src\main\AndroidManifest.xml:76:17-69
83-->src\main\AndroidManifest.xml:76:25-66
84
85                <category android:name="android.intent.category.LAUNCHER" />
85-->src\main\AndroidManifest.xml:78:17-77
85-->src\main\AndroidManifest.xml:78:27-74
86            </intent-filter>
87        </activity>
88        <activity
88-->src\main\AndroidManifest.xml:81:9-84:53
89            android:name="com.open.soft.openappsoft.activity.MainActivity"
89-->src\main\AndroidManifest.xml:82:13-75
90            android:label="@string/app_name"
90-->src\main\AndroidManifest.xml:83:13-45
91            android:screenOrientation="landscape" />
91-->src\main\AndroidManifest.xml:84:13-50
92        <activity android:name="com.open.soft.openappsoft.activity.AppManagerActivity" />
92-->src\main\AndroidManifest.xml:85:9-90
92-->src\main\AndroidManifest.xml:85:19-87
93
94        <receiver android:name="com.open.soft.openappsoft.activity.BootReceiver" >
94-->src\main\AndroidManifest.xml:87:9-93:20
94-->src\main\AndroidManifest.xml:87:19-81
95            <intent-filter android:priority="1000" >
95-->src\main\AndroidManifest.xml:88:13-92:29
95-->src\main\AndroidManifest.xml:88:28-51
96                <action android:name="android.intent.action.BOOT_COMPLETED" />
96-->src\main\AndroidManifest.xml:89:17-79
96-->src\main\AndroidManifest.xml:89:25-76
97                <!-- <action android:name="android.intent.action.ACTION_SHUTDOWN" /> -->
98                <category android:name="android.intent.category.LAUNCHER" />
98-->src\main\AndroidManifest.xml:78:17-77
98-->src\main\AndroidManifest.xml:78:27-74
99            </intent-filter>
100        </receiver>
101
102        <activity android:name="com.open.soft.openappsoft.activity.FileActivity" />
102-->src\main\AndroidManifest.xml:95:9-84
102-->src\main\AndroidManifest.xml:95:19-81
103        <activity
103-->src\main\AndroidManifest.xml:96:9-108:20
104            android:name="com.open.soft.openappsoft.multifuction.activity.MainActivity"
104-->src\main\AndroidManifest.xml:97:13-88
105            android:screenOrientation="landscape"
105-->src\main\AndroidManifest.xml:98:13-50
106            android:windowSoftInputMode="stateHidden" >
106-->src\main\AndroidManifest.xml:99:13-54
107
108            <!-- <intent-filter> -->
109            <!-- <action android:name="android.intent.action.MAIN" /> -->
110            <!-- <data -->
111            <!-- android:host="com.tnd.multifuction.activity.MainActivity" -->
112            <!-- android:scheme="com.tnd.multifuction" /> -->
113            <!-- <category android:name="android.intent.category.LAUNCHER" /> -->
114            <!-- </intent-filter> -->
115        </activity>
116        <activity
116-->src\main\AndroidManifest.xml:109:9-112:57
117            android:name="com.open.soft.openappsoft.multifuction.activity.PesticideTestActivity"
117-->src\main\AndroidManifest.xml:110:13-97
118            android:screenOrientation="landscape"
118-->src\main\AndroidManifest.xml:111:13-50
119            android:windowSoftInputMode="stateHidden" />
119-->src\main\AndroidManifest.xml:112:13-54
120        <activity
120-->src\main\AndroidManifest.xml:113:9-116:57
121            android:name="com.open.soft.openappsoft.activity.WebActivity"
121-->src\main\AndroidManifest.xml:114:13-74
122            android:screenOrientation="landscape"
122-->src\main\AndroidManifest.xml:115:13-50
123            android:windowSoftInputMode="stateHidden" />
123-->src\main\AndroidManifest.xml:116:13-54
124        <activity
124-->src\main\AndroidManifest.xml:117:9-120:57
125            android:name="com.open.soft.openappsoft.activity.knowledgeActivity"
125-->src\main\AndroidManifest.xml:118:13-80
126            android:screenOrientation="landscape"
126-->src\main\AndroidManifest.xml:119:13-50
127            android:windowSoftInputMode="stateHidden" />
127-->src\main\AndroidManifest.xml:120:13-54
128        <activity
128-->src\main\AndroidManifest.xml:121:9-124:57
129            android:name="com.open.soft.openappsoft.activity.SettingPTActivity"
129-->src\main\AndroidManifest.xml:122:13-80
130            android:screenOrientation="landscape"
130-->src\main\AndroidManifest.xml:123:13-50
131            android:windowSoftInputMode="stateHidden" />
131-->src\main\AndroidManifest.xml:124:13-54
132        <activity
132-->src\main\AndroidManifest.xml:125:9-128:57
133            android:name="com.open.soft.openappsoft.activity.SettingActivity"
133-->src\main\AndroidManifest.xml:126:13-78
134            android:screenOrientation="landscape"
134-->src\main\AndroidManifest.xml:127:13-50
135            android:windowSoftInputMode="stateHidden" />
135-->src\main\AndroidManifest.xml:128:13-54
136        <activity
136-->src\main\AndroidManifest.xml:129:9-132:67
137            android:name="com.open.soft.openappsoft.multifuction.activity.PesticideTestActivity2"
137-->src\main\AndroidManifest.xml:130:13-98
138            android:screenOrientation="landscape"
138-->src\main\AndroidManifest.xml:131:13-50
139            android:windowSoftInputMode="stateHidden|adjustPan" />
139-->src\main\AndroidManifest.xml:132:13-64
140        <activity
140-->src\main\AndroidManifest.xml:133:9-136:57
141            android:name="com.open.soft.openappsoft.multifuction.activity.ResultQueryActivity"
141-->src\main\AndroidManifest.xml:134:13-95
142            android:screenOrientation="landscape"
142-->src\main\AndroidManifest.xml:135:13-50
143            android:windowSoftInputMode="stateHidden" />
143-->src\main\AndroidManifest.xml:136:13-54
144        <activity
144-->src\main\AndroidManifest.xml:137:9-140:67
145            android:name="com.open.soft.openappsoft.multifuction.activity.FenGuangActivity"
145-->src\main\AndroidManifest.xml:138:13-92
146            android:screenOrientation="landscape"
146-->src\main\AndroidManifest.xml:139:13-50
147            android:windowSoftInputMode="stateHidden|adjustPan" />
147-->src\main\AndroidManifest.xml:140:13-64
148        <activity
148-->src\main\AndroidManifest.xml:141:9-144:72
149            android:name="com.open.soft.openappsoft.multifuction.activity.SystemSettingActivity"
149-->src\main\AndroidManifest.xml:142:13-97
150            android:screenOrientation="landscape"
150-->src\main\AndroidManifest.xml:143:13-50
151            android:windowSoftInputMode="stateHidden|stateUnchanged" />
151-->src\main\AndroidManifest.xml:144:13-69
152        <activity
152-->src\main\AndroidManifest.xml:145:9-148:72
153            android:name="com.open.soft.openappsoft.multifuction.activity.SystemSettingActivity2"
153-->src\main\AndroidManifest.xml:146:13-98
154            android:screenOrientation="landscape"
154-->src\main\AndroidManifest.xml:147:13-50
155            android:windowSoftInputMode="stateHidden|stateUnchanged" />
155-->src\main\AndroidManifest.xml:148:13-69
156        <activity
156-->src\main\AndroidManifest.xml:149:9-151:53
157            android:name="com.open.soft.openappsoft.multifuction.activity.LocationActivity"
157-->src\main\AndroidManifest.xml:150:13-92
158            android:screenOrientation="landscape" />
158-->src\main\AndroidManifest.xml:151:13-50
159        <activity
159-->src\main\AndroidManifest.xml:152:9-155:57
160            android:name="com.open.soft.openappsoft.multifuction.activity.UploadSettingActivity"
160-->src\main\AndroidManifest.xml:153:13-97
161            android:screenOrientation="landscape"
161-->src\main\AndroidManifest.xml:154:13-50
162            android:windowSoftInputMode="stateHidden" />
162-->src\main\AndroidManifest.xml:155:13-54
163        <activity
163-->src\main\AndroidManifest.xml:156:9-159:72
164            android:name="com.open.soft.openappsoft.multifuction.activity.ProjectActivity"
164-->src\main\AndroidManifest.xml:157:13-91
165            android:screenOrientation="landscape"
165-->src\main\AndroidManifest.xml:158:13-50
166            android:windowSoftInputMode="stateHidden|stateUnchanged" />
166-->src\main\AndroidManifest.xml:159:13-69
167        <activity android:name="com.open.soft.openappsoft.multifuction.activity.StatisticsActivity" />
167-->src\main\AndroidManifest.xml:160:9-103
167-->src\main\AndroidManifest.xml:160:19-100
168        <activity android:name="com.open.soft.openappsoft.multifuction.activity.DebugActivity" />
168-->src\main\AndroidManifest.xml:161:9-98
168-->src\main\AndroidManifest.xml:161:19-95
169        <activity
169-->src\main\AndroidManifest.xml:162:9-164:53
170            android:name="com.open.soft.openappsoft.multifuction.activity.SampleActivity"
170-->src\main\AndroidManifest.xml:163:13-90
171            android:screenOrientation="landscape" />
171-->src\main\AndroidManifest.xml:164:13-50
172        <!-- <receiver android:name="com.open.soft.openappsoft.multifuction.receiver.BootReceiver"> -->
173        <!-- <intent-filter android:priority="2147483647"> -->
174        <!-- <action android:name="android.intent.action.BOOT_COMPLETED" /> -->
175        <!-- <category android:name="android.intent.category.LAUNCHER" /> -->
176        <!-- </intent-filter> -->
177        <!-- </receiver> -->
178        <receiver android:name="com.open.soft.openappsoft.multifuction.receiver.ShutdownBroadcastReceiver" >
178-->src\main\AndroidManifest.xml:171:9-175:20
178-->src\main\AndroidManifest.xml:171:19-107
179            <intent-filter android:priority="2147483647" >
179-->src\main\AndroidManifest.xml:172:13-174:29
179-->src\main\AndroidManifest.xml:172:28-57
180                <action android:name="android.intent.action.ACTION_SHUTDOWN" />
180-->src\main\AndroidManifest.xml:173:17-80
180-->src\main\AndroidManifest.xml:173:25-77
181            </intent-filter>
182        </receiver>
183
184        <!-- <activity android:name=".MainActivity" /> -->
185        <!-- <activity android:name=".CheckActivity" /> -->
186        <!-- <activity android:name=".CheckActivityByMen" /> -->
187        <!-- <activity android:name=".SelectActivity" /> -->
188        <!-- <activity android:name=".ResultActivity" /> -->
189        <!-- <activity android:name=".ProjectManagerActivity" /> -->
190        <!-- <activity android:name=".CheckProjectActivity" /> -->
191        <!-- <activity android:name=".CheckProjectLineActivity" /> -->
192        <!-- <activity android:name=".CheckProjectRoundActivity" /> -->
193        <!-- <activity android:name=".CheckProjectCompanyActivity" /> -->
194        <!-- <activity android:name=".CheckShiJiActivity" /> -->
195        <!-- <activity android:name=".NetWorkSetting" /> -->
196        <!-- <activity android:name=".ProductActivity" /> -->
197        <!-- <activity android:name=".CheckResultPhotoActivity" /> -->
198        <!-- <activity android:name=".SampleLineActivity" /> -->
199        <!-- <activity android:name=".CheckSelectProjectActivity" /> -->
200        <!-- <activity android:name=".SampleActivity" /> -->
201        <!-- <activity android:name=".TypeActivity" /> -->
202        <activity android:name="com.open.soft.openappsoft.jinbiao.activity.CheckActivity" />
202-->src\main\AndroidManifest.xml:197:9-67
202-->src\main\AndroidManifest.xml:197:19-65
203        <activity android:name="com.open.soft.openappsoft.jinbiao.activity.MainActivity" />
203-->src\main\AndroidManifest.xml:198:9-66
203-->src\main\AndroidManifest.xml:198:19-64
204        <activity android:name="com.open.soft.openappsoft.jinbiao.demo.CheckActivityByMen2" />
204-->src\main\AndroidManifest.xml:199:9-69
204-->src\main\AndroidManifest.xml:199:19-67
205        <activity android:name="com.open.soft.openappsoft.jinbiao.activity.ProjectManagerActivity" />
205-->src\main\AndroidManifest.xml:200:9-76
205-->src\main\AndroidManifest.xml:200:19-74
206        <activity android:name="com.open.soft.openappsoft.jinbiao.activity.SelectActivity" />
206-->src\main\AndroidManifest.xml:201:9-68
206-->src\main\AndroidManifest.xml:201:19-66
207        <activity android:name="com.open.soft.openappsoft.jinbiao.activity.CheckProjectActivity" />
207-->src\main\AndroidManifest.xml:202:9-74
207-->src\main\AndroidManifest.xml:202:19-72
208        <activity android:name="com.open.soft.openappsoft.jinbiao.activity.CheckProjectLineActivity" />
208-->src\main\AndroidManifest.xml:203:9-78
208-->src\main\AndroidManifest.xml:203:19-76
209        <activity android:name="com.open.soft.openappsoft.jinbiao.activity.CheckProjectRoundActivity" />
209-->src\main\AndroidManifest.xml:204:9-79
209-->src\main\AndroidManifest.xml:204:19-77
210        <activity android:name="com.open.soft.openappsoft.jinbiao.activity.CheckProjectCompanyActivity" />
210-->src\main\AndroidManifest.xml:205:9-81
210-->src\main\AndroidManifest.xml:205:19-79
211        <activity android:name="com.open.soft.openappsoft.jinbiao.activity.CheckShiJiActivity" />
211-->src\main\AndroidManifest.xml:206:9-72
211-->src\main\AndroidManifest.xml:206:19-70
212        <activity android:name="com.open.soft.openappsoft.jinbiao.activity.NetWorkSetting" />
212-->src\main\AndroidManifest.xml:207:9-68
212-->src\main\AndroidManifest.xml:207:19-66
213        <activity android:name="com.open.soft.openappsoft.jinbiao.activity.ProductActivity" />
213-->src\main\AndroidManifest.xml:208:9-69
213-->src\main\AndroidManifest.xml:208:19-67
214        <activity android:name="com.open.soft.openappsoft.jinbiao.activity.CheckResultPhotoActivity" />
214-->src\main\AndroidManifest.xml:209:9-78
214-->src\main\AndroidManifest.xml:209:19-76
215        <activity android:name="com.open.soft.openappsoft.jinbiao.activity.SampleLineActivity" />
215-->src\main\AndroidManifest.xml:210:9-72
215-->src\main\AndroidManifest.xml:210:19-70
216        <activity android:name="com.open.soft.openappsoft.jinbiao.activity.CheckSelectProjectActivity" />
216-->src\main\AndroidManifest.xml:211:9-80
216-->src\main\AndroidManifest.xml:211:19-78
217        <activity android:name="com.open.soft.openappsoft.jinbiao.activity.SampleActivity" />
217-->src\main\AndroidManifest.xml:212:9-68
217-->src\main\AndroidManifest.xml:212:19-66
218        <activity android:name="com.open.soft.openappsoft.jinbiao.activity.TypeActivity" />
218-->src\main\AndroidManifest.xml:213:9-66
218-->src\main\AndroidManifest.xml:213:19-64
219        <activity android:name="com.open.soft.openappsoft.jinbiao.activity.ResultActivity" />
219-->src\main\AndroidManifest.xml:214:9-68
219-->src\main\AndroidManifest.xml:214:19-66
220
221        <!-- <receiver android:name="com.open.soft.openappsoft.jinbiao.receiver.BootReceiver"> -->
222        <!-- <intent-filter android:priority="2147483647"> -->
223        <!-- <action android:name="android.intent.action.BOOT_COMPLETED"></action> -->
224        <!-- <category android:name="android.intent.category.LAUNCHER"></category> -->
225        <!-- </intent-filter> -->
226        <!-- </receiver> -->
227        <service
227-->src\main\AndroidManifest.xml:224:9-227:41
228            android:name="com.tencent.smtt.export.external.DexClassLoaderProviderService"
228-->src\main\AndroidManifest.xml:225:13-90
229            android:label="dexopt"
229-->src\main\AndroidManifest.xml:226:13-35
230            android:process=":dexopt" />
230-->src\main\AndroidManifest.xml:227:13-38
231        <!-- 注册GT悬浮窗 -->
232        <service
232-->[com.github.1079374315.GSLS_Tool:gt:v1.4.6.8] AndroidManifest.xml:17:9-19:39
233            android:name="com.gsls.toolkit.GT_Floating"
233-->[com.github.1079374315.GSLS_Tool:gt:v1.4.6.8] AndroidManifest.xml:18:13-56
234            android:exported="true" />
234-->[com.github.1079374315.GSLS_Tool:gt:v1.4.6.8] AndroidManifest.xml:19:13-36
235        <service
235-->[com.github.1079374315.GSLS_Tool:gt:v1.4.6.8] AndroidManifest.xml:20:9-27:19
236            android:name="com.gsls.gt.GT$EventBus$EventBusService"
236-->[com.github.1079374315.GSLS_Tool:gt:v1.4.6.8] AndroidManifest.xml:21:13-67
237            android:enabled="true"
237-->[com.github.1079374315.GSLS_Tool:gt:v1.4.6.8] AndroidManifest.xml:22:13-35
238            android:exported="true" >
238-->[com.github.1079374315.GSLS_Tool:gt:v1.4.6.8] AndroidManifest.xml:23:13-36
239            <intent-filter>
239-->[com.github.1079374315.GSLS_Tool:gt:v1.4.6.8] AndroidManifest.xml:24:13-26:29
240                <action android:name="com.gsls.gt.EventBus" />
240-->[com.github.1079374315.GSLS_Tool:gt:v1.4.6.8] AndroidManifest.xml:25:17-63
240-->[com.github.1079374315.GSLS_Tool:gt:v1.4.6.8] AndroidManifest.xml:25:25-60
241            </intent-filter>
242        </service>
243
244        <activity
244-->[com.github.1079374315.GSLS_Tool:gt:v1.4.6.8] AndroidManifest.xml:29:9-33:20
245            android:name="com.gsls.gt.GT$GTActivity"
245-->[com.github.1079374315.GSLS_Tool:gt:v1.4.6.8] AndroidManifest.xml:30:13-53
246            android:exported="true"
246-->[com.github.1079374315.GSLS_Tool:gt:v1.4.6.8] AndroidManifest.xml:31:13-36
247            android:launchMode="singleTask" >
247-->[com.github.1079374315.GSLS_Tool:gt:v1.4.6.8] AndroidManifest.xml:32:13-44
248        </activity>
249        <activity
249-->[cat.ereza:customactivityoncrash:2.3.0] AndroidManifest.xml:12:9-14:49
250            android:name="cat.ereza.customactivityoncrash.activity.DefaultErrorActivity"
250-->[cat.ereza:customactivityoncrash:2.3.0] AndroidManifest.xml:13:13-89
251            android:process=":error_activity" />
251-->[cat.ereza:customactivityoncrash:2.3.0] AndroidManifest.xml:14:13-46
252
253        <provider
253-->[cat.ereza:customactivityoncrash:2.3.0] AndroidManifest.xml:16:9-20:39
254            android:name="cat.ereza.customactivityoncrash.provider.CaocInitProvider"
254-->[cat.ereza:customactivityoncrash:2.3.0] AndroidManifest.xml:17:13-85
255            android:authorities="com.open.soft.openappsoft.customactivityoncrashinitprovider"
255-->[cat.ereza:customactivityoncrash:2.3.0] AndroidManifest.xml:18:13-85
256            android:exported="false"
256-->[cat.ereza:customactivityoncrash:2.3.0] AndroidManifest.xml:19:13-37
257            android:initOrder="101" />
257-->[cat.ereza:customactivityoncrash:2.3.0] AndroidManifest.xml:20:13-36
258        <provider
258-->[androidx.emoji2:emoji2:1.0.0] AndroidManifest.xml:26:9-34:20
259            android:name="androidx.startup.InitializationProvider"
259-->[androidx.emoji2:emoji2:1.0.0] AndroidManifest.xml:27:13-67
260            android:authorities="com.open.soft.openappsoft.androidx-startup"
260-->[androidx.emoji2:emoji2:1.0.0] AndroidManifest.xml:28:13-68
261            android:exported="false" >
261-->[androidx.emoji2:emoji2:1.0.0] AndroidManifest.xml:29:13-37
262            <meta-data
262-->[androidx.emoji2:emoji2:1.0.0] AndroidManifest.xml:31:13-33:52
263                android:name="androidx.emoji2.text.EmojiCompatInitializer"
263-->[androidx.emoji2:emoji2:1.0.0] AndroidManifest.xml:32:17-75
264                android:value="androidx.startup" />
264-->[androidx.emoji2:emoji2:1.0.0] AndroidManifest.xml:33:17-49
265            <meta-data
265-->[androidx.lifecycle:lifecycle-process:2.4.0] AndroidManifest.xml:31:13-33:52
266                android:name="androidx.lifecycle.ProcessLifecycleInitializer"
266-->[androidx.lifecycle:lifecycle-process:2.4.0] AndroidManifest.xml:32:17-78
267                android:value="androidx.startup" />
267-->[androidx.lifecycle:lifecycle-process:2.4.0] AndroidManifest.xml:33:17-49
268        </provider>
269    </application>
270
271</manifest>